  DXUT.cpp
C:\Program Files (x86)\Microsoft DirectX SDK (June 2010)\Include\dxgitype.h(12,1): warning C4005: 'DXGI_STATUS_OCCLUDED': 매크로 재정의
C:\Program Files (x86)\Windows Kits\10\Include\10.0.18362.0\shared\winerror.h(55838): message : 'DXGI_STATUS_OCCLUDED'의 이전 정의를 참조하십시오.
C:\Program Files (x86)\Microsoft DirectX SDK (June 2010)\Include\dxgitype.h(13,1): warning C4005: 'DXGI_STATUS_CLIPPED': 매크로 재정의
C:\Program Files (x86)\Windows Kits\10\Include\10.0.18362.0\shared\winerror.h(55847): message : 'DXGI_STATUS_CLIPPED'의 이전 정의를 참조하십시오.
C:\Program Files (x86)\Microsoft DirectX SDK (June 2010)\Include\dxgitype.h(14,1): warning C4005: 'DXGI_STATUS_NO_REDIRECTION': 매크로 재정의
C:\Program Files (x86)\Windows Kits\10\Include\10.0.18362.0\shared\winerror.h(55856): message : 'DXGI_STATUS_NO_REDIRECTION'의 이전 정의를 참조하십시오.
C:\Program Files (x86)\Microsoft DirectX SDK (June 2010)\Include\dxgitype.h(15,1): warning C4005: 'DXGI_STATUS_NO_DESKTOP_ACCESS': 매크로 재정의
C:\Program Files (x86)\Windows Kits\10\Include\10.0.18362.0\shared\winerror.h(55865): message : 'DXGI_STATUS_NO_DESKTOP_ACCESS'의 이전 정의를 참조하십시오.
C:\Program Files (x86)\Microsoft DirectX SDK (June 2010)\Include\dxgitype.h(16,1): warning C4005: 'DXGI_STATUS_GRAPHICS_VIDPN_SOURCE_IN_USE': 매크로 재정의
C:\Program Files (x86)\Windows Kits\10\Include\10.0.18362.0\shared\winerror.h(55874): message : 'DXGI_STATUS_GRAPHICS_VIDPN_SOURCE_IN_USE'의 이전 정의를 참조하십시오.
C:\Program Files (x86)\Microsoft DirectX SDK (June 2010)\Include\dxgitype.h(17,1): warning C4005: 'DXGI_STATUS_MODE_CHANGED': 매크로 재정의
C:\Program Files (x86)\Windows Kits\10\Include\10.0.18362.0\shared\winerror.h(55883): message : 'DXGI_STATUS_MODE_CHANGED'의 이전 정의를 참조하십시오.
C:\Program Files (x86)\Microsoft DirectX SDK (June 2010)\Include\dxgitype.h(18,1): warning C4005: 'DXGI_STATUS_MODE_CHANGE_IN_PROGRESS': 매크로 재정의
C:\Program Files (x86)\Windows Kits\10\Include\10.0.18362.0\shared\winerror.h(55892): message : 'DXGI_STATUS_MODE_CHANGE_IN_PROGRESS'의 이전 정의를 참조하십시오.
C:\Program Files (x86)\Microsoft DirectX SDK (June 2010)\Include\dxgitype.h(21,1): warning C4005: 'DXGI_ERROR_INVALID_CALL': 매크로 재정의
C:\Program Files (x86)\Windows Kits\10\Include\10.0.18362.0\shared\winerror.h(55907): message : 'DXGI_ERROR_INVALID_CALL'의 이전 정의를 참조하십시오.
C:\Program Files (x86)\Microsoft DirectX SDK (June 2010)\Include\dxgitype.h(22,1): warning C4005: 'DXGI_ERROR_NOT_FOUND': 매크로 재정의
C:\Program Files (x86)\Windows Kits\10\Include\10.0.18362.0\shared\winerror.h(55916): message : 'DXGI_ERROR_NOT_FOUND'의 이전 정의를 참조하십시오.
C:\Program Files (x86)\Microsoft DirectX SDK (June 2010)\Include\dxgitype.h(23,1): warning C4005: 'DXGI_ERROR_MORE_DATA': 매크로 재정의
C:\Program Files (x86)\Windows Kits\10\Include\10.0.18362.0\shared\winerror.h(55925): message : 'DXGI_ERROR_MORE_DATA'의 이전 정의를 참조하십시오.
C:\Program Files (x86)\Microsoft DirectX SDK (June 2010)\Include\dxgitype.h(24,1): warning C4005: 'DXGI_ERROR_UNSUPPORTED': 매크로 재정의
C:\Program Files (x86)\Windows Kits\10\Include\10.0.18362.0\shared\winerror.h(55934): message : 'DXGI_ERROR_UNSUPPORTED'의 이전 정의를 참조하십시오.
C:\Program Files (x86)\Microsoft DirectX SDK (June 2010)\Include\dxgitype.h(25,1): warning C4005: 'DXGI_ERROR_DEVICE_REMOVED': 매크로 재정의
C:\Program Files (x86)\Windows Kits\10\Include\10.0.18362.0\shared\winerror.h(55943): message : 'DXGI_ERROR_DEVICE_REMOVED'의 이전 정의를 참조하십시오.
C:\Program Files (x86)\Microsoft DirectX SDK (June 2010)\Include\dxgitype.h(26,1): warning C4005: 'DXGI_ERROR_DEVICE_HUNG': 매크로 재정의
C:\Program Files (x86)\Windows Kits\10\Include\10.0.18362.0\shared\winerror.h(55952): message : 'DXGI_ERROR_DEVICE_HUNG'의 이전 정의를 참조하십시오.
C:\Program Files (x86)\Microsoft DirectX SDK (June 2010)\Include\dxgitype.h(27,1): warning C4005: 'DXGI_ERROR_DEVICE_RESET': 매크로 재정의
C:\Program Files (x86)\Windows Kits\10\Include\10.0.18362.0\shared\winerror.h(55962): message : 'DXGI_ERROR_DEVICE_RESET'의 이전 정의를 참조하십시오.
C:\Program Files (x86)\Microsoft DirectX SDK (June 2010)\Include\dxgitype.h(28,1): warning C4005: 'DXGI_ERROR_WAS_STILL_DRAWING': 매크로 재정의
C:\Program Files (x86)\Windows Kits\10\Include\10.0.18362.0\shared\winerror.h(55971): message : 'DXGI_ERROR_WAS_STILL_DRAWING'의 이전 정의를 참조하십시오.
C:\Program Files (x86)\Microsoft DirectX SDK (June 2010)\Include\dxgitype.h(29,1): warning C4005: 'DXGI_ERROR_FRAME_STATISTICS_DISJOINT': 매크로 재정의
C:\Program Files (x86)\Windows Kits\10\Include\10.0.18362.0\shared\winerror.h(55981): message : 'DXGI_ERROR_FRAME_STATISTICS_DISJOINT'의 이전 정의를 참조하십시오.
C:\Program Files (x86)\Microsoft DirectX SDK (June 2010)\Include\dxgitype.h(30,1): warning C4005: 'DXGI_ERROR_GRAPHICS_VIDPN_SOURCE_IN_USE': 매크로 재정의
C:\Program Files (x86)\Windows Kits\10\Include\10.0.18362.0\shared\winerror.h(55990): message : 'DXGI_ERROR_GRAPHICS_VIDPN_SOURCE_IN_USE'의 이전 정의를 참조하십시오.
C:\Program Files (x86)\Microsoft DirectX SDK (June 2010)\Include\dxgitype.h(31,1): warning C4005: 'DXGI_ERROR_DRIVER_INTERNAL_ERROR': 매크로 재정의
C:\Program Files (x86)\Windows Kits\10\Include\10.0.18362.0\shared\winerror.h(56000): message : 'DXGI_ERROR_DRIVER_INTERNAL_ERROR'의 이전 정의를 참조하십시오.
C:\Program Files (x86)\Microsoft DirectX SDK (June 2010)\Include\dxgitype.h(32,1): warning C4005: 'DXGI_ERROR_NONEXCLUSIVE': 매크로 재정의
C:\Program Files (x86)\Windows Kits\10\Include\10.0.18362.0\shared\winerror.h(56009): message : 'DXGI_ERROR_NONEXCLUSIVE'의 이전 정의를 참조하십시오.
C:\Program Files (x86)\Microsoft DirectX SDK (June 2010)\Include\dxgitype.h(33,1): warning C4005: 'DXGI_ERROR_NOT_CURRENTLY_AVAILABLE': 매크로 재정의
C:\Program Files (x86)\Windows Kits\10\Include\10.0.18362.0\shared\winerror.h(56018): message : 'DXGI_ERROR_NOT_CURRENTLY_AVAILABLE'의 이전 정의를 참조하십시오.
C:\Program Files (x86)\Microsoft DirectX SDK (June 2010)\Include\dxgitype.h(34,1): warning C4005: 'DXGI_ERROR_REMOTE_CLIENT_DISCONNECTED': 매크로 재정의
C:\Program Files (x86)\Windows Kits\10\Include\10.0.18362.0\shared\winerror.h(56028): message : 'DXGI_ERROR_REMOTE_CLIENT_DISCONNECTED'의 이전 정의를 참조하십시오.
C:\Program Files (x86)\Microsoft DirectX SDK (June 2010)\Include\dxgitype.h(35,1): warning C4005: 'DXGI_ERROR_REMOTE_OUTOFMEMORY': 매크로 재정의
C:\Program Files (x86)\Windows Kits\10\Include\10.0.18362.0\shared\winerror.h(56037): message : 'DXGI_ERROR_REMOTE_OUTOFMEMORY'의 이전 정의를 참조하십시오.
C:\Program Files (x86)\Microsoft DirectX SDK (June 2010)\Include\d3d10.h(608,1): warning C4005: 'D3D10_ERROR_TOO_MANY_UNIQUE_STATE_OBJECTS': 매크로 재정의
C:\Program Files (x86)\Windows Kits\10\Include\10.0.18362.0\shared\winerror.h(56277): message : 'D3D10_ERROR_TOO_MANY_UNIQUE_STATE_OBJECTS'의 이전 정의를 참조하십시오.
C:\Program Files (x86)\Microsoft DirectX SDK (June 2010)\Include\d3d10.h(609,1): warning C4005: 'D3D10_ERROR_FILE_NOT_FOUND': 매크로 재정의
C:\Program Files (x86)\Windows Kits\10\Include\10.0.18362.0\shared\winerror.h(56286): message : 'D3D10_ERROR_FILE_NOT_FOUND'의 이전 정의를 참조하십시오.
E:\2020Files\울산애니원고수업\EmptyProject\DXUT\Core\DXUT.cpp(696,131): warning C4838: 'UINT'에서 'LONG'(으)로의 변환에는 축소 변환이 필요합니다.
E:\2020Files\울산애니원고수업\EmptyProject\DXUT\Core\DXUT.cpp(696,187): warning C4838: 'UINT'에서 'LONG'(으)로의 변환에는 축소 변환이 필요합니다.
E:\2020Files\울산애니원고수업\EmptyProject\DXUT\Core\DXUT.cpp(697,135): warning C4838: 'UINT'에서 'LONG'(으)로의 변환에는 축소 변환이 필요합니다.
E:\2020Files\울산애니원고수업\EmptyProject\DXUT\Core\DXUT.cpp(697,195): warning C4838: 'UINT'에서 'LONG'(으)로의 변환에는 축소 변환이 필요합니다.
E:\2020Files\울산애니원고수업\EmptyProject\DXUT\Core\DXUT.cpp(4961,13): warning C4996: 'GetVersionExW': deprecated로 선언되었습니다.
  Base.cpp
  Bullet.cpp
E:\2020Files\울산애니원고수업\EmptyProject\Bullet.cpp(53,20): warning C4018: '<': signed 또는 unsigned가 일치하지 않습니다.
E:\2020Files\울산애니원고수업\EmptyProject\Bullet.cpp(70,20): warning C4018: '<': signed 또는 unsigned가 일치하지 않습니다.
  Camera.cpp
  DXUTenum.cpp
  DXUTmisc.cpp
E:\2020Files\울산애니원고수업\EmptyProject\DXUT\Core\DXUTmisc.cpp(1263,13): warning C4996: 'GetVersionExA': deprecated로 선언되었습니다.
  DXUTcamera.cpp
  DXUTgui.cpp
E:\2020Files\울산애니원고수업\EmptyProject\DXUT\Optional\DXUTgui.cpp(6846,37): warning C4458: 'iTexture' 선언은 클래스 멤버를 숨깁니다.
E:\2020Files\울산애니원고수업\EmptyProject\DXUT\Optional\DXUTgui.h(109,10): message : 'CDXUTElement::iTexture' 선언을 참조하십시오.
E:\2020Files\울산애니원고수업\EmptyProject\DXUT\Optional\DXUTgui.cpp(6860,34): warning C4458: 'iFont' 선언은 클래스 멤버를 숨깁니다.
E:\2020Files\울산애니원고수업\EmptyProject\DXUT\Optional\DXUTgui.h(110,10): message : 'CDXUTElement::iFont' 선언을 참조하십시오.
E:\2020Files\울산애니원고수업\EmptyProject\DXUT\Optional\DXUTgui.cpp(6860,74): warning C4458: 'dwTextFormat' 선언은 클래스 멤버를 숨깁니다.
E:\2020Files\울산애니원고수업\EmptyProject\DXUT\Optional\DXUTgui.h(111,11): message : 'CDXUTElement::dwTextFormat' 선언을 참조하십시오.
  DXUTres.cpp
  DXUTsettingsdlg.cpp
  SDKmesh.cpp
  SDKmisc.cpp
  SDKsound.cpp
  SDKwavefile.cpp
  Director.cpp
  EmptyProject.cpp
E:\2020Files\울산애니원고수업\EmptyProject\EmptyProject.cpp(19,15): warning C4244: '인수': 'time_t'에서 'unsigned int'(으)로 변환하면서 데이터가 손실될 수 있습니다.
  Font.cpp
E:\2020Files\울산애니원고수업\EmptyProject\Font.cpp(17,2): warning C4996: 'sprintf': This function or variable may be unsafe. Consider using sprintf_s instead. To disable deprecation, use _CRT_SECURE_NO_WARNINGS. See online help for details.
E:\2020Files\울산애니원고수업\EmptyProject\Font.cpp(31,29): warning C4458: 'scale' 선언은 클래스 멤버를 숨깁니다.
E:\2020Files\울산애니원고수업\EmptyProject\Node.h(16,7): message : 'Node::scale' 선언을 참조하십시오.
E:\2020Files\울산애니원고수업\EmptyProject\Font.cpp(33,40): warning C4244: '인수': 'float'에서 'UINT'(으)로 변환하면서 데이터가 손실될 수 있습니다.
E:\2020Files\울산애니원고수업\EmptyProject\Font.cpp(33,28): warning C4244: '인수': 'float'에서 'INT'(으)로 변환하면서 데이터가 손실될 수 있습니다.
  Gun.cpp
  Item.cpp
E:\2020Files\울산애니원고수업\EmptyProject\Item.cpp(16): warning C4238: 비표준 확장이 사용됨: 클래스 rvalue를 lvalue로 사용했습니다.
E:\2020Files\울산애니원고수업\EmptyProject\Item.cpp(16,65): warning C4238: 비표준 확장이 사용됨: 클래스 rvalue를 lvalue로 사용했습니다.
E:\2020Files\울산애니원고수업\EmptyProject\Item.cpp(16,77): warning C4238: 비표준 확장이 사용됨: 클래스 rvalue를 lvalue로 사용했습니다.
E:\2020Files\울산애니원고수업\EmptyProject\Item.cpp(48,20): warning C4018: '<': signed 또는 unsigned가 일치하지 않습니다.
E:\2020Files\울산애니원고수업\EmptyProject\Item.cpp(75,20): warning C4018: '<': signed 또는 unsigned가 일치하지 않습니다.
  Node.cpp
  Player.cpp
  코드를 생성하고 있습니다...
  컴파일하고 있습니다...
  Renderer.cpp
  Scene.cpp
  Singleton.cpp
  Sound.cpp
  Sprite.cpp
E:\2020Files\울산애니원고수업\EmptyProject\Sprite.cpp(23,23): warning C4244: '=': 'FLOAT'에서 'LONG'(으)로 변환하면서 데이터가 손실될 수 있습니다.
E:\2020Files\울산애니원고수업\EmptyProject\Sprite.cpp(24,22): warning C4244: '=': 'FLOAT'에서 'LONG'(으)로 변환하면서 데이터가 손실될 수 있습니다.
E:\2020Files\울산애니원고수업\EmptyProject\Sprite.cpp(25,21): warning C4244: '=': 'FLOAT'에서 'LONG'(으)로 변환하면서 데이터가 손실될 수 있습니다.
E:\2020Files\울산애니원고수업\EmptyProject\Sprite.cpp(26,24): warning C4244: '=': 'FLOAT'에서 'LONG'(으)로 변환하면서 데이터가 손실될 수 있습니다.
E:\2020Files\울산애니원고수업\EmptyProject\Sprite.cpp(30,14): warning C4244: '초기화 중': 'LONG'에서 'float'(으)로 변환하면서 데이터가 손실될 수 있습니다.
E:\2020Files\울산애니원고수업\EmptyProject\Sprite.cpp(32,12): warning C4244: '=': 'float'에서 'LONG'(으)로 변환하면서 데이터가 손실될 수 있습니다.
E:\2020Files\울산애니원고수업\EmptyProject\Sprite.cpp(37,14): warning C4244: '초기화 중': 'LONG'에서 'float'(으)로 변환하면서 데이터가 손실될 수 있습니다.
E:\2020Files\울산애니원고수업\EmptyProject\Sprite.cpp(39,14): warning C4244: '=': 'float'에서 'LONG'(으)로 변환하면서 데이터가 손실될 수 있습니다.
E:\2020Files\울산애니원고수업\EmptyProject\Sprite.cpp(86): warning C4238: 비표준 확장이 사용됨: 클래스 rvalue를 lvalue로 사용했습니다.
E:\2020Files\울산애니원고수업\EmptyProject\Sprite.cpp(86,58): warning C4238: 비표준 확장이 사용됨: 클래스 rvalue를 lvalue로 사용했습니다.
  Texture.cpp
E:\2020Files\울산애니원고수업\EmptyProject\Texture.cpp(30,5): warning C4245: '인수': 'int'에서 'UINT'(으)로의 변환입니다. signed 또는 unsigned가 일치하지 않습니다.
  gameScene.cpp
  코드를 생성하고 있습니다...
E:\2020Files\울산애니원고수업\EmptyProject\Texture.cpp(49): warning C4715: 'TextureManager::LoadTexture': 모든 제어 경로에서 값을 반환하지는 않습니다.
Base.obj : warning LNK4075: '/EDITANDCONTINUE'이(가) '/SAFESEH' 사양으로 인해 무시됩니다.
  EmptyProject_2010.vcxproj -> E:\2020Files\울산애니원고수업\EmptyProject\Debug\EmptyProject.exe
